Flow report for recorder
<<<<<<< HEAD
Fri Jul 16 12:49:25 2010
=======
<<<<<<< HEAD
Thu Jul 15 10:17:00 2010
=======
Fri Jul 16 14:51:55 2010
>>>>>>> 755bc23ac5d2e76a43e3805fec0c2f68d188e30d
>>>>>>> 03c885743ed9c1d02b336921883f4f8b4c2fab0d
Quartus II Version 9.0 Build 235 06/17/2009 Service Pack 2 SJ Full Version


---------------------
; Table of Contents ;
---------------------
  1. Legal Notice
  2. Flow Summary
  3. Flow Settings
  4. Flow Non-Default Global Settings
  5. Flow Elapsed Time
  6. Flow OS Summary
  7. Flow Log



----------------
; Legal Notice ;
----------------
Copyright (C) 1991-2009 Altera Corporation
Your use of Altera Corporation's design tools, logic functions 
and other software and tools, and its AMPP partner logic 
functions, and any output files from any of the foregoing 
(including device programming or simulation files), and any 
associated documentation or information are expressly subject 
to the terms and conditions of the Altera Program License 
Subscription Agreement, Altera MegaCore Function License 
Agreement, or other applicable license agreement, including, 
without limitation, that your use is for the sole purpose of 
programming logic devices manufactured by Altera and sold by 
Altera or its authorized distributors.  Please refer to the 
applicable agreement for further details.



+------------------------------------------------------------------------------------+
; Flow Summary                                                                       ;
+------------------------------------+-----------------------------------------------+
<<<<<<< HEAD
; Flow Status                        ; Successful - Fri Jul 16 12:49:24 2010         ;
=======
<<<<<<< HEAD
; Flow Status                        ; Successful - Thu Jul 15 10:17:00 2010         ;
=======
; Flow Status                        ; Successful - Fri Jul 16 14:51:55 2010         ;
>>>>>>> 755bc23ac5d2e76a43e3805fec0c2f68d188e30d
>>>>>>> 03c885743ed9c1d02b336921883f4f8b4c2fab0d
; Quartus II Version                 ; 9.0 Build 235 06/17/2009 SP 2 SJ Full Version ;
; Revision Name                      ; recorder                                      ;
; Top-level Entity Name              ; recorder                                      ;
; Family                             ; Cyclone II                                    ;
; Device                             ; EP2C35F672C6                                  ;
; Timing Models                      ; Final                                         ;
<<<<<<< HEAD
; Met timing requirements            ; Yes                                           ;
; Total logic elements               ; 396 / 33,216 ( 1 % )                          ;
;     Total combinational functions  ; 395 / 33,216 ( 1 % )                          ;
;     Dedicated logic registers      ; 200 / 33,216 ( < 1 % )                        ;
; Total registers                    ; 200                                           ;
; Total pins                         ; 67 / 475 ( 14 % )                             ;
=======
; Met timing requirements            ; No                                            ;
; Total logic elements               ; 432 / 33,216 ( 1 % )                          ;
;     Total combinational functions  ; 432 / 33,216 ( 1 % )                          ;
;     Dedicated logic registers      ; 242 / 33,216 ( < 1 % )                        ;
; Total registers                    ; 242                                           ;
; Total pins                         ; 51 / 475 ( 11 % )                             ;
>>>>>>> 755bc23ac5d2e76a43e3805fec0c2f68d188e30d
; Total virtual pins                 ; 0                                             ;
; Total memory bits                  ; 0 / 483,840 ( 0 % )                           ;
; Embedded Multiplier 9-bit elements ; 0 / 70 ( 0 % )                                ;
; Total PLLs                         ; 1 / 4 ( 25 % )                                ;
+------------------------------------+-----------------------------------------------+


+-----------------------------------------+
; Flow Settings                           ;
+-------------------+---------------------+
; Option            ; Setting             ;
+-------------------+---------------------+
<<<<<<< HEAD
; Start date & time ; 07/16/2010 12:47:43 ;
=======
<<<<<<< HEAD
; Start date & time ; 07/15/2010 10:16:33 ;
=======
; Start date & time ; 07/16/2010 14:50:04 ;
>>>>>>> 755bc23ac5d2e76a43e3805fec0c2f68d188e30d
>>>>>>> 03c885743ed9c1d02b336921883f4f8b4c2fab0d
; Main task         ; Compilation         ;
; Revision Name     ; recorder            ;
+-------------------+---------------------+


<<<<<<< HEAD
+-----------------------------------------------------------------------------------------------------------------------------+
; Flow Non-Default Global Settings                                                                                            ;
+------------------------------------+-----------------------------------------+---------------+-------------+----------------+
; Assignment Name                    ; Value                                   ; Default Value ; Entity Name ; Section Id     ;
+------------------------------------+-----------------------------------------+---------------+-------------+----------------+
; COMPILER_SIGNATURE_ID              ; 146383860980.127916019303895            ; --            ; --          ; --             ;
; IP_TOOL_NAME                       ; ALTPLL                                  ; --            ; --          ; --             ;
; IP_TOOL_VERSION                    ; 9.0                                     ; --            ; --          ; --             ;
; MAX_CORE_JUNCTION_TEMP             ; 85                                      ; --            ; --          ; --             ;
; MIN_CORE_JUNCTION_TEMP             ; 0                                       ; --            ; --          ; --             ;
; MISC_FILE                          ; pll_bb.v                                ; --            ; --          ; --             ;
; MISC_FILE                          ; pll.ppf                                 ; --            ; --          ; --             ;
; MISC_FILE                          ; /home/lucaspeng/dclab/exp3/recorder.dpf ; --            ; --          ; --             ;
; PARTITION_COLOR                    ; 16764057                                ; --            ; --          ; Top            ;
; PARTITION_NETLIST_TYPE             ; SOURCE                                  ; --            ; --          ; Top            ;
; PROJECT_OUTPUT_DIRECTORY           ; /home/lucaspeng/dclab/exp3/compile      ; --            ; --          ; --             ;
; USE_GENERATED_PHYSICAL_CONSTRAINTS ; Off                                     ; --            ; --          ; eda_blast_fpga ;
+------------------------------------+-----------------------------------------+---------------+-------------+----------------+
=======
+-------------------------------------------------------------------------------------------------------------------------------+
; Flow Non-Default Global Settings                                                                                              ;
+------------------------------------+-------------------------------------------+---------------+-------------+----------------+
; Assignment Name                    ; Value                                     ; Default Value ; Entity Name ; Section Id     ;
+------------------------------------+-------------------------------------------+---------------+-------------+----------------+
<<<<<<< HEAD
; COMPILER_SIGNATURE_ID              ; 107162591449.127925566201376              ; --            ; --          ; --             ;
=======
; COMPILER_SIGNATURE_ID              ; 107162591449.127926300300316              ; --            ; --          ; --             ;
>>>>>>> 03c885743ed9c1d02b336921883f4f8b4c2fab0d
; IP_TOOL_NAME                       ; ALTPLL                                    ; --            ; --          ; --             ;
; IP_TOOL_VERSION                    ; 9.0                                       ; --            ; --          ; --             ;
; MAX_CORE_JUNCTION_TEMP             ; 85                                        ; --            ; --          ; --             ;
; MIN_CORE_JUNCTION_TEMP             ; 0                                         ; --            ; --          ; --             ;
; MISC_FILE                          ; pll_bb.v                                  ; --            ; --          ; --             ;
; MISC_FILE                          ; pll.ppf                                   ; --            ; --          ; --             ;
; MISC_FILE                          ; /home/lucaspeng/dclab/exp3/recorder.dpf   ; --            ; --          ; --             ;
; MISC_FILE                          ; D:/dclab/exp3/recorder.dpf                ; --            ; --          ; --             ;
; MISC_FILE                          ; C:/home/lucaspeng/dclab/exp3/recorder.dpf ; --            ; --          ; --             ;
; PARTITION_COLOR                    ; 16764057                                  ; --            ; --          ; Top            ;
; PARTITION_NETLIST_TYPE             ; SOURCE                                    ; --            ; --          ; Top            ;
; PROJECT_OUTPUT_DIRECTORY           ; /home/lucaspeng/dclab/exp3/compile        ; --            ; --          ; --             ;
; USE_GENERATED_PHYSICAL_CONSTRAINTS ; Off                                       ; --            ; --          ; eda_blast_fpga ;
+------------------------------------+-------------------------------------------+---------------+-------------+----------------+
>>>>>>> 755bc23ac5d2e76a43e3805fec0c2f68d188e30d


+-----------------------------------------------------------------------------------------------------------------------------+
; Flow Elapsed Time                                                                                                           ;
+-------------------------+--------------+-------------------------+---------------------+------------------------------------+
; Module Name             ; Elapsed Time ; Average Processors Used ; Peak Virtual Memory ; Total CPU Time (on all processors) ;
+-------------------------+--------------+-------------------------+---------------------+------------------------------------+
<<<<<<< HEAD
; Analysis & Synthesis    ; 00:00:20     ; 1.0                     ; 185 MB              ; 00:00:19                           ;
; Fitter                  ; 00:00:42     ; 1.0                     ; 254 MB              ; 00:00:40                           ;
; Assembler               ; 00:00:14     ; 1.0                     ; 222 MB              ; 00:00:13                           ;
; Classic Timing Analyzer ; 00:00:05     ; 1.0                     ; 132 MB              ; 00:00:03                           ;
; Total                   ; 00:01:21     ; --                      ; --                  ; 00:01:15                           ;
=======
<<<<<<< HEAD
; Analysis & Synthesis    ; 00:00:03     ; 1.0                     ; --                  ; 00:00:03                           ;
; Fitter                  ; 00:00:12     ; 1.0                     ; --                  ; 00:00:10                           ;
; Assembler               ; 00:00:04     ; 1.0                     ; --                  ; 00:00:03                           ;
; Classic Timing Analyzer ; 00:00:01     ; 1.0                     ; --                  ; 00:00:00                           ;
; Total                   ; 00:00:20     ; --                      ; --                  ; 00:00:16                           ;
=======
; Analysis & Synthesis    ; 00:00:22     ; 1.0                     ; 185 MB              ; 00:00:20                           ;
; Fitter                  ; 00:00:44     ; 1.0                     ; 254 MB              ; 00:00:42                           ;
; Assembler               ; 00:00:19     ; 1.0                     ; 222 MB              ; 00:00:16                           ;
; Classic Timing Analyzer ; 00:00:05     ; 1.0                     ; 132 MB              ; 00:00:03                           ;
; Total                   ; 00:01:30     ; --                      ; --                  ; 00:01:21                           ;
>>>>>>> 755bc23ac5d2e76a43e3805fec0c2f68d188e30d
>>>>>>> 03c885743ed9c1d02b336921883f4f8b4c2fab0d
+-------------------------+--------------+-------------------------+---------------------+------------------------------------+


+---------------------------------------------------------------------------------------+
; Flow OS Summary                                                                       ;
+-------------------------+------------------+------------+------------+----------------+
; Module Name             ; Machine Hostname ; OS Name    ; OS Version ; Processor type ;
+-------------------------+------------------+------------+------------+----------------+
; Analysis & Synthesis    ; your-2636f86761  ; Windows XP ; 5.1        ; i1586          ;
; Fitter                  ; your-2636f86761  ; Windows XP ; 5.1        ; i1586          ;
; Assembler               ; your-2636f86761  ; Windows XP ; 5.1        ; i1586          ;
; Classic Timing Analyzer ; your-2636f86761  ; Windows XP ; 5.1        ; i1586          ;
+-------------------------+------------------+------------+------------+----------------+


------------
; Flow Log ;
------------
quartus_map --read_settings_files=on --write_settings_files=off recorder -c recorder
quartus_fit --read_settings_files=off --write_settings_files=off recorder -c recorder
quartus_asm --read_settings_files=off --write_settings_files=off recorder -c recorder
quartus_tan --read_settings_files=off --write_settings_files=off recorder -c recorder --timing_analysis_only



