Flow report for traffic
Wed Jun 30 15:47:11 2010
Quartus II Version 9.0 Build 235 06/17/2009 Service Pack 2 SJ Full Version


---------------------
; Table of Contents ;
---------------------
  1. Legal Notice
  2. Flow Summary
  3. Flow Settings
  4. Flow Non-Default Global Settings
  5. Flow Elapsed Time
  6. Flow OS Summary
  7. Flow Log



----------------
; Legal Notice ;
----------------
Copyright (C) 1991-2009 Altera Corporation
Your use of Altera Corporation's design tools, logic functions 
and other software and tools, and its AMPP partner logic 
functions, and any output files from any of the foregoing 
(including device programming or simulation files), and any 
associated documentation or information are expressly subject 
to the terms and conditions of the Altera Program License 
Subscription Agreement, Altera MegaCore Function License 
Agreement, or other applicable license agreement, including, 
without limitation, that your use is for the sole purpose of 
programming logic devices manufactured by Altera and sold by 
Altera or its authorized distributors.  Please refer to the 
applicable agreement for further details.



+------------------------------------------------------------------------------------+
; Flow Summary                                                                       ;
+------------------------------------+-----------------------------------------------+
; Flow Status                        ; Successful - Wed Jun 30 15:47:11 2010         ;
; Quartus II Version                 ; 9.0 Build 235 06/17/2009 SP 2 SJ Full Version ;
; Revision Name                      ; traffic                                       ;
; Top-level Entity Name              ; traffic                                       ;
; Family                             ; Cyclone II                                    ;
; Device                             ; EP2C35F672C6                                  ;
; Timing Models                      ; Final                                         ;
; Met timing requirements            ; Yes                                           ;
; Total logic elements               ; 584 / 33,216 ( 2 % )                          ;
;     Total combinational functions  ; 584 / 33,216 ( 2 % )                          ;
;     Dedicated logic registers      ; 178 / 33,216 ( < 1 % )                        ;
; Total registers                    ; 178                                           ;
; Total pins                         ; 61 / 475 ( 13 % )                             ;
; Total virtual pins                 ; 0                                             ;
; Total memory bits                  ; 0 / 483,840 ( 0 % )                           ;
; Embedded Multiplier 9-bit elements ; 0 / 70 ( 0 % )                                ;
; Total PLLs                         ; 1 / 4 ( 25 % )                                ;
+------------------------------------+-----------------------------------------------+


+-----------------------------------------+
; Flow Settings                           ;
+-------------------+---------------------+
; Option            ; Setting             ;
+-------------------+---------------------+
; Start date & time ; 06/30/2010 15:46:49 ;
; Main task         ; Compilation         ;
; Revision Name     ; traffic             ;
+-------------------+---------------------+


+------------------------------------------------------------------------------------------------------------------------------------------+
; Flow Non-Default Global Settings                                                                                                         ;
+------------------------------------+------------------------------------------------------+---------------+-------------+----------------+
; Assignment Name                    ; Value                                                ; Default Value ; Entity Name ; Section Id     ;
+------------------------------------+------------------------------------------------------+---------------+-------------+----------------+
; COMPILER_SIGNATURE_ID              ; 146383860980.127788400904809                         ; --            ; --          ; --             ;
; IP_TOOL_NAME                       ; ALTPLL                                               ; --            ; --          ; --             ;
; IP_TOOL_VERSION                    ; 9.0                                                  ; --            ; --          ; --             ;
; MAX_CORE_JUNCTION_TEMP             ; 85                                                   ; --            ; --          ; --             ;
; MIN_CORE_JUNCTION_TEMP             ; 0                                                    ; --            ; --          ; --             ;
; MISC_FILE                          ; /data/homework/soph/dclab/exp1/traffic.dpf           ; --            ; --          ; --             ;
; MISC_FILE                          ; /home/lucaspeng/homework/soph/dclab/exp1/traffic.dpf ; --            ; --          ; --             ;
; MISC_FILE                          ; clksrc1_1_bb.v                                       ; --            ; --          ; --             ;
; MISC_FILE                          ; clksrc1_1.ppf                                        ; --            ; --          ; --             ;
; MISC_FILE                          ; /home/lucaspeng/dclab/exp1/traffic.dpf               ; --            ; --          ; --             ;
; PARTITION_COLOR                    ; 16764057                                             ; --            ; --          ; Top            ;
; PARTITION_NETLIST_TYPE             ; SOURCE                                               ; --            ; --          ; Top            ;
; USE_GENERATED_PHYSICAL_CONSTRAINTS ; Off                                                  ; --            ; --          ; eda_blast_fpga ;
+------------------------------------+------------------------------------------------------+---------------+-------------+----------------+


+-----------------------------------------------------------------------------------------------------------------------------+
; Flow Elapsed Time                                                                                                           ;
+-------------------------+--------------+-------------------------+---------------------+------------------------------------+
; Module Name             ; Elapsed Time ; Average Processors Used ; Peak Virtual Memory ; Total CPU Time (on all processors) ;
+-------------------------+--------------+-------------------------+---------------------+------------------------------------+
; Analysis & Synthesis    ; 00:00:04     ; 1.0                     ; --                  ; 00:00:04                           ;
; Fitter                  ; 00:00:10     ; 1.0                     ; --                  ; 00:00:10                           ;
; Assembler               ; 00:00:03     ; 1.0                     ; --                  ; 00:00:03                           ;
; Classic Timing Analyzer ; 00:00:00     ; 1.0                     ; --                  ; 00:00:00                           ;
; Total                   ; 00:00:17     ; --                      ; --                  ; 00:00:17                           ;
+-------------------------+--------------+-------------------------+---------------------+------------------------------------+


+-----------------------------------------------------------------------------------------+
; Flow OS Summary                                                                         ;
+-------------------------+------------------+--------------+------------+----------------+
; Module Name             ; Machine Hostname ; OS Name      ; OS Version ; Processor type ;
+-------------------------+------------------+--------------+------------+----------------+
; Analysis & Synthesis    ; lucaspeng-laptop ; Ubuntu 10.04 ; 10         ; x86_64         ;
; Fitter                  ; lucaspeng-laptop ; Ubuntu 10.04 ; 10         ; x86_64         ;
; Assembler               ; lucaspeng-laptop ; Ubuntu 10.04 ; 10         ; x86_64         ;
; Classic Timing Analyzer ; lucaspeng-laptop ; Ubuntu 10.04 ; 10         ; x86_64         ;
+-------------------------+------------------+--------------+------------+----------------+


------------
; Flow Log ;
------------
quartus_map --read_settings_files=on --write_settings_files=off traffic -c traffic
quartus_fit --read_settings_files=off --write_settings_files=off traffic -c traffic
quartus_asm --read_settings_files=off --write_settings_files=off traffic -c traffic
quartus_tan --read_settings_files=off --write_settings_files=off traffic -c traffic --timing_analysis_only



